\BOOKMARK [1][-]{section.1}{Introduction}{}% 1
\BOOKMARK [1][-]{section.2}{General\040Assumption\040and\040Nomenclature}{}% 2
\BOOKMARK [2][-]{subsection.2.1}{General\040Assumption}{section.2}% 3
\BOOKMARK [2][-]{subsection.2.2}{Nomenclature}{section.2}% 4
\BOOKMARK [1][-]{section.3}{Statement\040of\040CPE\040Model}{}% 5
\BOOKMARK [2][-]{subsection.3.1}{H\040part\040of\040CPE\040Model}{section.3}% 6
\BOOKMARK [2][-]{subsection.3.2}{N-H\040part\040of\040CPE\040Model\040and\040System\040of\040equations\040used\040to\040calculate\040E}{section.3}% 7
\BOOKMARK [2][-]{subsection.3.3}{Answer\040to\040Task\0401}{section.3}% 8
\BOOKMARK [1][-]{section.4}{Multi-factor\040Analysis\040Model\040Based\040on\040AHP}{}% 9
\BOOKMARK [2][-]{subsection.4.1}{Statement\040of\040Multi-factor\040Analysis\040Model}{section.4}% 10
\BOOKMARK [3][-]{subsubsection.4.1.1}{First-level\040and\040Second-level\040Indexes}{subsection.4.1}% 11
\BOOKMARK [3][-]{subsubsection.4.1.2}{Basic\040frame\040of\040our\040Multi-factor\040Analysis\040Model}{subsection.4.1}% 12
\BOOKMARK [2][-]{subsection.4.2}{Answer\040to\040Task\0402}{section.4}% 13
\BOOKMARK [3][-]{subsubsection.4.2.1}{High-income\040regions}{subsection.4.2}% 14
\BOOKMARK [3][-]{subsubsection.4.2.2}{Middle-income\040regions}{subsection.4.2}% 15
\BOOKMARK [3][-]{subsubsection.4.2.3}{Low-income\040regions}{subsection.4.2}% 16
\BOOKMARK [1][-]{section.5}{Strategy\040influences}{}% 17
\BOOKMARK [2][-]{subsection.5.1}{Influences\040on\040human\040life}{section.5}% 18
\BOOKMARK [2][-]{subsection.5.2}{Influences\040on\040environment}{section.5}% 19
\BOOKMARK [2][-]{subsection.5.3}{Influences\040on\040the\040multi-trillion-dollar\040plastic\040industry}{section.5}% 20
\BOOKMARK [1][-]{section.6}{Equity}{}% 21
\BOOKMARK [2][-]{subsection.6.1}{Current\040situation}{section.6}% 22
\BOOKMARK [3][-]{subsubsection.6.1.1}{Analysis\040of\040plastic\040waste\040Emission\040in\040various\040regions}{subsection.6.1}% 23
\BOOKMARK [3][-]{subsubsection.6.1.2}{Analysis\040of\040plastic\040waste\040Impact\040in\040various\040regions}{subsection.6.1}% 24
\BOOKMARK [2][-]{subsection.6.2}{Answer\040to\040Task\0404}{section.6}% 25
\BOOKMARK [3][-]{subsubsection.6.2.1}{Regional\040Differences}{subsection.6.2}% 26
\BOOKMARK [3][-]{subsubsection.6.2.2}{Strategies}{subsection.6.2}% 27
\BOOKMARK [1][-]{section.7}{Model\040Analysis}{}% 28
\BOOKMARK [2][-]{subsection.7.1}{Sensitivity\040Analysis}{section.7}% 29
\BOOKMARK [2][-]{subsection.7.2}{Strengths\040and\040Weaknesses}{section.7}% 30
\BOOKMARK [3][-]{subsubsection.7.2.1}{Strengths}{subsection.7.2}% 31
\BOOKMARK [3][-]{subsubsection.7.2.2}{Weaknesses}{subsection.7.2}% 32
\BOOKMARK [1][-]{section.8}{Conclusion}{}% 33
\BOOKMARK [1][-]{section*.19}{Appendices}{}% 34
\BOOKMARK [1][-]{Appendix.a.A}{Appendix\040CPE\040Model}{}% 35
\BOOKMARK [1][-]{Appendix.a.B}{Appendix\040Multi-Factor\040Analysis\040Model}{}% 36
